<?xml version="1.0" encoding="UTF-8"?>
<testng-results ignored="0" total="1" passed="1" failed="0" skipped="0">
  <reporter-output>
  </reporter-output>
  <suite started-at="2024-02-06T21:42:36 IST" name="Default suite" finished-at="2024-02-06T21:42:39 IST" duration-ms="2570">
    <groups>
    </groups>
    <test started-at="2024-02-06T21:42:36 IST" name="Default test" finished-at="2024-02-06T21:42:39 IST" duration-ms="2570">
      <class name="com.Test.deleteReqVerify">
        <test-method signature="deleteReq()[pri:0, instance:com.Test.deleteReqVerify@3f6b0be5]" started-at="2024-02-06T21:42:36 IST" name="deleteReq" finished-at="2024-02-06T21:42:39 IST" duration-ms="2518" status="PASS">
          <reporter-output>
          </reporter-output>
        </test-method> <!-- deleteReq -->
      </class> <!-- com.Test.deleteReqVerify -->
    </test> <!-- Default test -->
  </suite> <!-- Default suite -->
</testng-results>
